2024-06-27 12:00:31,245 INFO [main] o.s.t.c.s.AnnotationConfigContextLoaderUtils [AnnotationConfigContextLoaderUtils.java:83] Could not detect default configuration classes for test class [com.codbex.rhea.RheaApplicationTest]: RheaApplicationTest does not declare any static, non-private, non-final, nested classes annotated with @Configuration.
2024-06-27 12:00:31,396 INFO [main] o.s.b.t.c.SpringBootTestContextBootstrapper [SpringBootTestContextBootstrapper.java:234] Found @SpringBootConfiguration com.codbex.rhea.RheaApplication for test class com.codbex.rhea.RheaApplicationTest
2024-06-27 12:00:31,926 INFO [background-preinit] o.h.v.i.u.Version [Version.java:21] HV000001: Hibernate Validator 8.0.1.Final
2024-06-27 12:00:32,104 INFO [main] c.c.r.RheaApplicationTest [StartupInfoLogger.java:50] Starting RheaApplicationTest using Java 20.0.2.1 with PID 1992 (started by runner in /home/runner/work/codbex-rhea/codbex-rhea/application)
2024-06-27 12:00:32,106 INFO [main] c.c.r.RheaApplicationTest [SpringApplication.java:654] No active profile set, falling back to 1 default profile: "default"
2024-06-27 12:00:34,113 INFO [main] o.s.d.r.c.RepositoryConfigurationDelegate [RepositoryConfigurationDelegate.java:295] Multiple Spring Data modules found, entering strict repository configuration mode
2024-06-27 12:00:34,114 INFO [main] o.s.d.r.c.RepositoryConfigurationDelegate [RepositoryConfigurationDelegate.java:143] Bootstrapping Spring Data JPA repositories in DEFAULT mode.
2024-06-27 12:00:34,403 INFO [main] o.s.d.r.c.RepositoryConfigurationDelegate [RepositoryConfigurationDelegate.java:211] Finished Spring Data repository scanning in 276 ms. Found 27 JPA repository interfaces.
2024-06-27 12:00:34,413 INFO [main] o.s.d.r.c.RepositoryConfigurationDelegate [RepositoryConfigurationDelegate.java:295] Multiple Spring Data modules found, entering strict repository configuration mode
2024-06-27 12:00:34,413 INFO [main] o.s.d.r.c.RepositoryConfigurationDelegate [RepositoryConfigurationDelegate.java:143] Bootstrapping Spring Data JPA repositories in DEFAULT mode.
2024-06-27 12:00:34,417 INFO [main] o.s.d.r.c.RepositoryConfigurationDelegate [RepositoryConfigurationDelegate.java:211] Finished Spring Data repository scanning in 3 ms. Found 0 JPA repository interfaces.
2024-06-27 12:00:36,309 WARN [main] o.s.c.s.PostProcessorRegistrationDelegate$BeanPostProcessorChecker [PostProcessorRegistrationDelegate.java:437] Bean 'encrypter' of type [org.eclipse.dirigible.components.base.encryption.Encrypter] is not eligible for getting processed by all BeanPostProcessors (for example: not eligible for auto-proxying). Is this bean getting eagerly injected into a currently created BeanPostProcessor [encryptionBeanPostProcessor]? Check the corresponding BeanPostProcessor declaration and its dependencies.
2024-06-27 12:00:36,312 WARN [main] o.s.c.s.PostProcessorRegistrationDelegate$BeanPostProcessorChecker [PostProcessorRegistrationDelegate.java:437] Bean 'fieldEncrypter' of type [org.eclipse.dirigible.components.base.encryption.FieldEncrypter] is not eligible for getting processed by all BeanPostProcessors (for example: not eligible for auto-proxying). Is this bean getting eagerly injected into a currently created BeanPostProcessor [encryptionBeanPostProcessor]? Check the corresponding BeanPostProcessor declaration and its dependencies.
2024-06-27 12:00:36,317 WARN [main] o.s.c.s.PostProcessorRegistrationDelegate$BeanPostProcessorChecker [PostProcessorRegistrationDelegate.java:437] Bean 'decrypter' of type [org.eclipse.dirigible.components.base.encryption.Decrypter] is not eligible for getting processed by all BeanPostProcessors (for example: not eligible for auto-proxying). Is this bean getting eagerly injected into a currently created BeanPostProcessor [encryptionBeanPostProcessor]? Check the corresponding BeanPostProcessor declaration and its dependencies.
2024-06-27 12:00:36,319 WARN [main] o.s.c.s.PostProcessorRegistrationDelegate$BeanPostProcessorChecker [PostProcessorRegistrationDelegate.java:437] Bean 'fieldDecrypter' of type [org.eclipse.dirigible.components.base.encryption.FieldDecrypter] is not eligible for getting processed by all BeanPostProcessors (for example: not eligible for auto-proxying). Is this bean getting eagerly injected into a currently created BeanPostProcessor [encryptionBeanPostProcessor]? Check the corresponding BeanPostProcessor declaration and its dependencies.
2024-06-27 12:00:36,321 WARN [main] o.s.c.s.PostProcessorRegistrationDelegate$BeanPostProcessorChecker [PostProcessorRegistrationDelegate.java:437] Bean 'encryptionListener' of type [org.eclipse.dirigible.components.base.encryption.EncryptionListener] is not eligible for getting processed by all BeanPostProcessors (for example: not eligible for auto-proxying). Is this bean getting eagerly injected into a currently created BeanPostProcessor [encryptionBeanPostProcessor]? Check the corresponding BeanPostProcessor declaration and its dependencies.
2024-06-27 12:00:36,794 INFO [main] o.s.b.w.e.t.TomcatWebServer [TomcatWebServer.java:109] Tomcat initialized with port 0 (http)
2024-06-27 12:00:36,814 INFO [main] o.a.c.h.Http11NioProtocol [DirectJDKLog.java:173] Initializing ProtocolHandler ["http-nio-auto-1"]
2024-06-27 12:00:36,816 INFO [main] o.a.c.c.StandardService [DirectJDKLog.java:173] Starting service [Tomcat]
2024-06-27 12:00:36,817 INFO [main] o.a.c.c.StandardEngine [DirectJDKLog.java:173] Starting Servlet engine: [Apache Tomcat/10.1.20]
2024-06-27 12:00:36,920 INFO [main] o.a.c.c.C.[.[.[/] [DirectJDKLog.java:173] Initializing Spring embedded WebApplicationContext
2024-06-27 12:00:36,922 INFO [main] o.s.b.w.s.c.ServletWebServerApplicationContext [ServletWebServerApplicationContext.java:296] Root WebApplicationContext: initialization completed in 4328 ms
2024-06-27 12:00:37,050 INFO [main] c.z.h.HikariDataSource [HikariDataSource.java:110] HikariPool-1 - Starting...
2024-06-27 12:00:37,523 INFO [main] c.z.h.p.HikariPool [HikariPool.java:565] HikariPool-1 - Added connection conn0: url=jdbc:h2:file:./target/dirigible/h2/SystemDB user=SA
2024-06-27 12:00:37,528 INFO [main] c.z.h.HikariDataSource [HikariDataSource.java:123] HikariPool-1 - Start completed.
2024-06-27 12:00:37,721 INFO [main] o.h.j.i.u.LogHelper [LogHelper.java:31] HHH000204: Processing PersistenceUnitInfo [name: default]
2024-06-27 12:00:37,832 INFO [main] o.h.Version [Version.java:44] HHH000412: Hibernate ORM core version 6.4.4.Final
2024-06-27 12:00:37,895 INFO [main] o.h.c.i.RegionFactoryInitiator [RegionFactoryInitiator.java:50] HHH000026: Second-level cache disabled
2024-06-27 12:00:38,316 INFO [main] o.s.o.j.p.SpringPersistenceUnitInfo [SpringPersistenceUnitInfo.java:87] No LoadTimeWeaver setup: ignoring JPA class transformer
2024-06-27 12:00:38,395 WARN [main] o.h.o.deprecation [DialectFactoryImpl.java:153] HHH90000025: H2Dialect does not need to be specified explicitly using 'hibernate.dialect' (remove the property setting and it will be selected by default)
2024-06-27 12:00:41,162 INFO [main] o.h.e.t.j.p.i.JtaPlatformInitiator [JtaPlatformInitiator.java:58] HHH000489: No JTA platform available (set 'hibernate.transaction.jta.platform' to enable JTA platform integration)
2024-06-27 12:00:41,343 INFO [main] o.s.o.j.LocalContainerEntityManagerFactoryBean [AbstractEntityManagerFactoryBean.java:437] Initialized JPA EntityManagerFactory for persistence unit 'default'
2024-06-27 12:00:41,708 INFO [main] o.s.d.j.r.q.QueryEnhancerFactory [QueryEnhancerFactory.java:41] JSqlParser is in classpath; If applicable, JSqlParser will be used
2024-06-27 12:00:41,708 INFO [main] o.s.d.j.r.q.QueryEnhancerFactory [QueryEnhancerFactory.java:49] Hibernate is in classpath; If applicable, HQL parser will be used.
2024-06-27 12:00:42,722 WARN [main] o.s.a.f.CglibAopProxy [CglibAopProxy.java:288] Unable to proxy interface-implementing method [public final org.eclipse.dirigible.components.base.artefact.Artefact org.eclipse.dirigible.components.base.artefact.BaseArtefactService.findById(java.lang.Object)] because it is marked as final, consider using interface-based JDK proxies instead.
2024-06-27 12:00:42,722 WARN [main] o.s.a.f.CglibAopProxy [CglibAopProxy.java:288] Unable to proxy interface-implementing method [public final java.util.List org.eclipse.dirigible.components.base.artefact.BaseArtefactService.getAll()] because it is marked as final, consider using interface-based JDK proxies instead.
2024-06-27 12:00:42,722 WARN [main] o.s.a.f.CglibAopProxy [CglibAopProxy.java:288] Unable to proxy interface-implementing method [public final org.springframework.data.domain.Page org.eclipse.dirigible.components.base.artefact.BaseArtefactService.getPages(org.springframework.data.domain.Pageable)] because it is marked as final, consider using interface-based JDK proxies instead.
2024-06-27 12:00:42,722 WARN [main] o.s.a.f.CglibAopProxy [CglibAopProxy.java:288] Unable to proxy interface-implementing method [public final org.eclipse.dirigible.components.base.artefact.Artefact org.eclipse.dirigible.components.base.artefact.BaseArtefactService.findByKey(java.lang.String)] because it is marked as final, consider using interface-based JDK proxies instead.
2024-06-27 12:00:42,723 WARN [main] o.s.a.f.CglibAopProxy [CglibAopProxy.java:288] Unable to proxy interface-implementing method [public final java.util.List org.eclipse.dirigible.components.base.artefact.BaseArtefactService.findByLocation(java.lang.String)] because it is marked as final, consider using interface-based JDK proxies instead.
2024-06-27 12:00:42,843 WARN [main] o.s.a.f.CglibAopProxy [CglibAopProxy.java:288] Unable to proxy interface-implementing method [public final org.eclipse.dirigible.components.base.artefact.Artefact org.eclipse.dirigible.components.base.artefact.BaseArtefactService.findById(java.lang.Object)] because it is marked as final, consider using interface-based JDK proxies instead.
2024-06-27 12:00:42,844 WARN [main] o.s.a.f.CglibAopProxy [CglibAopProxy.java:288] Unable to proxy interface-implementing method [public final java.util.List org.eclipse.dirigible.components.base.artefact.BaseArtefactService.getAll()] because it is marked as final, consider using interface-based JDK proxies instead.
2024-06-27 12:00:42,844 WARN [main] o.s.a.f.CglibAopProxy [CglibAopProxy.java:288] Unable to proxy interface-implementing method [public final org.springframework.data.domain.Page org.eclipse.dirigible.components.base.artefact.BaseArtefactService.getPages(org.springframework.data.domain.Pageable)] because it is marked as final, consider using interface-based JDK proxies instead.
2024-06-27 12:00:42,844 WARN [main] o.s.a.f.CglibAopProxy [CglibAopProxy.java:288] Unable to proxy interface-implementing method [public final org.eclipse.dirigible.components.base.artefact.Artefact org.eclipse.dirigible.components.base.artefact.BaseArtefactService.findByKey(java.lang.String)] because it is marked as final, consider using interface-based JDK proxies instead.
2024-06-27 12:00:42,844 WARN [main] o.s.a.f.CglibAopProxy [CglibAopProxy.java:288] Unable to proxy interface-implementing method [public final java.util.List org.eclipse.dirigible.components.base.artefact.BaseArtefactService.findByLocation(java.lang.String)] because it is marked as final, consider using interface-based JDK proxies instead.
2024-06-27 12:00:43,051 WARN [main] o.s.a.f.CglibAopProxy [CglibAopProxy.java:288] Unable to proxy interface-implementing method [public final org.eclipse.dirigible.components.base.artefact.Artefact org.eclipse.dirigible.components.base.artefact.BaseArtefactService.findById(java.lang.Object)] because it is marked as final, consider using interface-based JDK proxies instead.
2024-06-27 12:00:43,052 WARN [main] o.s.a.f.CglibAopProxy [CglibAopProxy.java:288] Unable to proxy interface-implementing method [public final java.util.List org.eclipse.dirigible.components.base.artefact.BaseArtefactService.getAll()] because it is marked as final, consider using interface-based JDK proxies instead.
2024-06-27 12:00:43,052 WARN [main] o.s.a.f.CglibAopProxy [CglibAopProxy.java:288] Unable to proxy interface-implementing method [public final org.springframework.data.domain.Page org.eclipse.dirigible.components.base.artefact.BaseArtefactService.getPages(org.springframework.data.domain.Pageable)] because it is marked as final, consider using interface-based JDK proxies instead.
2024-06-27 12:00:43,053 WARN [main] o.s.a.f.CglibAopProxy [CglibAopProxy.java:288] Unable to proxy interface-implementing method [public final org.eclipse.dirigible.components.base.artefact.Artefact org.eclipse.dirigible.components.base.artefact.BaseArtefactService.findByKey(java.lang.String)] because it is marked as final, consider using interface-based JDK proxies instead.
2024-06-27 12:00:43,053 WARN [main] o.s.a.f.CglibAopProxy [CglibAopProxy.java:288] Unable to proxy interface-implementing method [public final java.util.List org.eclipse.dirigible.components.base.artefact.BaseArtefactService.findByLocation(java.lang.String)] because it is marked as final, consider using interface-based JDK proxies instead.
2024-06-27 12:00:43,173 INFO [main] o.q.i.StdSchedulerFactory [StdSchedulerFactory.java:1220] Using default implementation for ThreadExecutor
2024-06-27 12:00:43,176 INFO [main] o.q.s.SimpleThreadPool [SimpleThreadPool.java:268] Job execution threads will use class loader of thread: main
2024-06-27 12:00:43,187 INFO [main] o.q.c.SchedulerSignalerImpl [SchedulerSignalerImpl.java:61] Initialized Scheduler Signaller of type: class org.quartz.core.SchedulerSignalerImpl
2024-06-27 12:00:43,187 INFO [main] o.q.c.QuartzScheduler [QuartzScheduler.java:229] Quartz Scheduler v.2.3.2 created.
2024-06-27 12:00:43,188 INFO [main] o.q.s.RAMJobStore [RAMJobStore.java:155] RAMJobStore initialized.
2024-06-27 12:00:43,189 INFO [main] o.q.c.QuartzScheduler [QuartzScheduler.java:294] Scheduler meta-data: Quartz Scheduler (v2.3.2) 'schedulerFactoryBean' with instanceId 'NON_CLUSTERED'
  Scheduler class: 'org.quartz.core.QuartzScheduler' - running locally.
  NOT STARTED.
  Currently in standby mode.
  Number of jobs executed: 0
  Using thread pool 'org.quartz.simpl.SimpleThreadPool' - with 2 threads.
  Using job-store 'org.quartz.simpl.RAMJobStore' - which does not support persistence. and is not clustered.

2024-06-27 12:00:43,189 INFO [main] o.q.i.StdSchedulerFactory [StdSchedulerFactory.java:1374] Quartz scheduler 'schedulerFactoryBean' initialized from an externally provided properties instance.
2024-06-27 12:00:43,189 INFO [main] o.q.i.StdSchedulerFactory [StdSchedulerFactory.java:1378] Quartz scheduler version: 2.3.2
2024-06-27 12:00:43,189 INFO [main] o.q.c.QuartzScheduler [QuartzScheduler.java:2293] JobFactory set to: org.eclipse.dirigible.components.jobs.config.AutoWiringSpringBeanJobFactory@21d29efd
2024-06-27 12:00:43,205 WARN [main] o.s.a.f.CglibAopProxy [CglibAopProxy.java:288] Unable to proxy interface-implementing method [public final org.eclipse.dirigible.components.base.artefact.Artefact org.eclipse.dirigible.components.base.artefact.BaseArtefactService.findById(java.lang.Object)] because it is marked as final, consider using interface-based JDK proxies instead.
2024-06-27 12:00:43,205 WARN [main] o.s.a.f.CglibAopProxy [CglibAopProxy.java:288] Unable to proxy interface-implementing method [public final java.util.List org.eclipse.dirigible.components.base.artefact.BaseArtefactService.getAll()] because it is marked as final, consider using interface-based JDK proxies instead.
2024-06-27 12:00:43,206 WARN [main] o.s.a.f.CglibAopProxy [CglibAopProxy.java:288] Unable to proxy interface-implementing method [public final org.springframework.data.domain.Page org.eclipse.dirigible.components.base.artefact.BaseArtefactService.getPages(org.springframework.data.domain.Pageable)] because it is marked as final, consider using interface-based JDK proxies instead.
2024-06-27 12:00:43,206 WARN [main] o.s.a.f.CglibAopProxy [CglibAopProxy.java:288] Unable to proxy interface-implementing method [public final org.eclipse.dirigible.components.base.artefact.Artefact org.eclipse.dirigible.components.base.artefact.BaseArtefactService.findByKey(java.lang.String)] because it is marked as final, consider using interface-based JDK proxies instead.
2024-06-27 12:00:43,206 WARN [main] o.s.a.f.CglibAopProxy [CglibAopProxy.java:288] Unable to proxy interface-implementing method [public final java.util.List org.eclipse.dirigible.components.base.artefact.BaseArtefactService.findByLocation(java.lang.String)] because it is marked as final, consider using interface-based JDK proxies instead.
2024-06-27 12:00:43,281 WARN [main] o.s.a.f.CglibAopProxy [CglibAopProxy.java:288] Unable to proxy interface-implementing method [public final org.eclipse.dirigible.components.base.artefact.Artefact org.eclipse.dirigible.components.base.artefact.BaseArtefactService.findById(java.lang.Object)] because it is marked as final, consider using interface-based JDK proxies instead.
2024-06-27 12:00:43,282 WARN [main] o.s.a.f.CglibAopProxy [CglibAopProxy.java:288] Unable to proxy interface-implementing method [public final java.util.List org.eclipse.dirigible.components.base.artefact.BaseArtefactService.getAll()] because it is marked as final, consider using interface-based JDK proxies instead.
2024-06-27 12:00:43,282 WARN [main] o.s.a.f.CglibAopProxy [CglibAopProxy.java:288] Unable to proxy interface-implementing method [public final org.springframework.data.domain.Page org.eclipse.dirigible.components.base.artefact.BaseArtefactService.getPages(org.springframework.data.domain.Pageable)] because it is marked as final, consider using interface-based JDK proxies instead.
2024-06-27 12:00:43,283 WARN [main] o.s.a.f.CglibAopProxy [CglibAopProxy.java:288] Unable to proxy interface-implementing method [public final org.eclipse.dirigible.components.base.artefact.Artefact org.eclipse.dirigible.components.base.artefact.BaseArtefactService.findByKey(java.lang.String)] because it is marked as final, consider using interface-based JDK proxies instead.
2024-06-27 12:00:43,283 WARN [main] o.s.a.f.CglibAopProxy [CglibAopProxy.java:288] Unable to proxy interface-implementing method [public final java.util.List org.eclipse.dirigible.components.base.artefact.BaseArtefactService.findByLocation(java.lang.String)] because it is marked as final, consider using interface-based JDK proxies instead.
2024-06-27 12:00:43,392 WARN [main] o.s.a.f.CglibAopProxy [CglibAopProxy.java:288] Unable to proxy interface-implementing method [public final org.eclipse.dirigible.components.base.artefact.Artefact org.eclipse.dirigible.components.base.artefact.BaseArtefactService.findById(java.lang.Object)] because it is marked as final, consider using interface-based JDK proxies instead.
2024-06-27 12:00:43,392 WARN [main] o.s.a.f.CglibAopProxy [CglibAopProxy.java:288] Unable to proxy interface-implementing method [public final java.util.List org.eclipse.dirigible.components.base.artefact.BaseArtefactService.getAll()] because it is marked as final, consider using interface-based JDK proxies instead.
2024-06-27 12:00:43,393 WARN [main] o.s.a.f.CglibAopProxy [CglibAopProxy.java:288] Unable to proxy interface-implementing method [public final org.springframework.data.domain.Page org.eclipse.dirigible.components.base.artefact.BaseArtefactService.getPages(org.springframework.data.domain.Pageable)] because it is marked as final, consider using interface-based JDK proxies instead.
2024-06-27 12:00:43,393 WARN [main] o.s.a.f.CglibAopProxy [CglibAopProxy.java:288] Unable to proxy interface-implementing method [public final org.eclipse.dirigible.components.base.artefact.Artefact org.eclipse.dirigible.components.base.artefact.BaseArtefactService.findByKey(java.lang.String)] because it is marked as final, consider using interface-based JDK proxies instead.
2024-06-27 12:00:43,393 WARN [main] o.s.a.f.CglibAopProxy [CglibAopProxy.java:288] Unable to proxy interface-implementing method [public final java.util.List org.eclipse.dirigible.components.base.artefact.BaseArtefactService.findByLocation(java.lang.String)] because it is marked as final, consider using interface-based JDK proxies instead.
2024-06-27 12:00:43,425 WARN [main] o.s.a.f.CglibAopProxy [CglibAopProxy.java:288] Unable to proxy interface-implementing method [public final org.eclipse.dirigible.components.base.artefact.Artefact org.eclipse.dirigible.components.base.artefact.BaseArtefactService.findById(java.lang.Object)] because it is marked as final, consider using interface-based JDK proxies instead.
2024-06-27 12:00:43,425 WARN [main] o.s.a.f.CglibAopProxy [CglibAopProxy.java:288] Unable to proxy interface-implementing method [public final java.util.List org.eclipse.dirigible.components.base.artefact.BaseArtefactService.getAll()] because it is marked as final, consider using interface-based JDK proxies instead.
2024-06-27 12:00:43,426 WARN [main] o.s.a.f.CglibAopProxy [CglibAopProxy.java:288] Unable to proxy interface-implementing method [public final org.springframework.data.domain.Page org.eclipse.dirigible.components.base.artefact.BaseArtefactService.getPages(org.springframework.data.domain.Pageable)] because it is marked as final, consider using interface-based JDK proxies instead.
2024-06-27 12:00:43,426 WARN [main] o.s.a.f.CglibAopProxy [CglibAopProxy.java:288] Unable to proxy interface-implementing method [public final org.eclipse.dirigible.components.base.artefact.Artefact org.eclipse.dirigible.components.base.artefact.BaseArtefactService.findByKey(java.lang.String)] because it is marked as final, consider using interface-based JDK proxies instead.
2024-06-27 12:00:43,426 WARN [main] o.s.a.f.CglibAopProxy [CglibAopProxy.java:288] Unable to proxy interface-implementing method [public final java.util.List org.eclipse.dirigible.components.base.artefact.BaseArtefactService.findByLocation(java.lang.String)] because it is marked as final, consider using interface-based JDK proxies instead.
2024-06-27 12:00:43,459 WARN [main] o.s.a.f.CglibAopProxy [CglibAopProxy.java:288] Unable to proxy interface-implementing method [public final org.eclipse.dirigible.components.base.artefact.Artefact org.eclipse.dirigible.components.base.artefact.BaseArtefactService.findById(java.lang.Object)] because it is marked as final, consider using interface-based JDK proxies instead.
2024-06-27 12:00:43,460 WARN [main] o.s.a.f.CglibAopProxy [CglibAopProxy.java:288] Unable to proxy interface-implementing method [public final java.util.List org.eclipse.dirigible.components.base.artefact.BaseArtefactService.getAll()] because it is marked as final, consider using interface-based JDK proxies instead.
2024-06-27 12:00:43,460 WARN [main] o.s.a.f.CglibAopProxy [CglibAopProxy.java:288] Unable to proxy interface-implementing method [public final org.springframework.data.domain.Page org.eclipse.dirigible.components.base.artefact.BaseArtefactService.getPages(org.springframework.data.domain.Pageable)] because it is marked as final, consider using interface-based JDK proxies instead.
2024-06-27 12:00:43,460 WARN [main] o.s.a.f.CglibAopProxy [CglibAopProxy.java:288] Unable to proxy interface-implementing method [public final org.eclipse.dirigible.components.base.artefact.Artefact org.eclipse.dirigible.components.base.artefact.BaseArtefactService.findByKey(java.lang.String)] because it is marked as final, consider using interface-based JDK proxies instead.
2024-06-27 12:00:43,461 WARN [main] o.s.a.f.CglibAopProxy [CglibAopProxy.java:288] Unable to proxy interface-implementing method [public final java.util.List org.eclipse.dirigible.components.base.artefact.BaseArtefactService.findByLocation(java.lang.String)] because it is marked as final, consider using interface-based JDK proxies instead.
2024-06-27 12:00:43,592 INFO [main] c.z.h.p.LeakedConnectionsDoctor [LeakedConnectionsDoctor.java:38] Scheduling check for leaked connection with initial delay of [30] seconds and interval [30] seconds.
2024-06-27 12:00:43,711 INFO [main] o.a.a.b.BrokerService [BrokerService.java:675] Using Persistence Adapter: JDBCPersistenceAdapter(HikariDataSource (HikariPool-1))
2024-06-27 12:00:43,712 INFO [main] o.a.a.b.BrokerService [BrokerService.java:680] Starting Persistence Adapter: JDBCPersistenceAdapter(HikariDataSource (HikariPool-1))
2024-06-27 12:00:43,714 INFO [main] o.a.a.s.j.JDBCPersistenceAdapter [JDBCPersistenceAdapter.java:472] Database adapter driver override not found for : [h2_jdbc_driver].  Will use default implementation.
2024-06-27 12:00:43,759 INFO [main] o.a.a.s.j.JDBCPersistenceAdapter [JDBCPersistenceAdapter.java:472] Database lock driver override not found for : [h2_jdbc_driver].  Will use default implementation.
2024-06-27 12:00:43,761 INFO [main] o.a.a.s.j.DefaultDatabaseLocker [DefaultDatabaseLocker.java:46] Attempting to acquire the exclusive lock to become the Master broker
2024-06-27 12:00:43,763 INFO [main] o.a.a.s.j.DefaultDatabaseLocker [DefaultDatabaseLocker.java:118] Becoming the master on dataSource: HikariDataSource (HikariPool-1)
2024-06-27 12:00:43,764 INFO [main] o.a.a.b.BrokerService [BrokerService.java:683] Starting Temp Data Store
2024-06-27 12:00:43,764 INFO [main] o.a.a.s.k.p.PListStoreImpl [PListStoreImpl.java:371] PListStore:[/home/runner/work/codbex-rhea/codbex-rhea/application/./target/dirigible/kahadb] started
2024-06-27 12:00:43,765 INFO [main] o.a.a.b.BrokerService [BrokerService.java:697] Starting Job Scheduler Store
2024-06-27 12:00:43,765 INFO [main] o.a.a.b.BrokerService [BrokerService.java:709] Persistence Adapter successfully started
2024-06-27 12:00:43,913 INFO [main] o.a.a.b.BrokerService [BrokerService.java:743] Apache ActiveMQ 6.1.0 (localhost, ID:fv-az1020-770-42329-1719489643780-0:1) is starting
2024-06-27 12:00:43,922 INFO [main] o.a.a.b.TransportConnector [TransportConnector.java:279] Connector vm://localhost started
2024-06-27 12:00:43,922 INFO [main] o.a.a.b.BrokerService [BrokerService.java:770] Apache ActiveMQ 6.1.0 (localhost, ID:fv-az1020-770-42329-1719489643780-0:1) started
2024-06-27 12:00:43,922 INFO [main] o.a.a.b.BrokerService [BrokerService.java:771] For help or more information please see: http://activemq.apache.org
2024-06-27 12:00:43,925 WARN [main] o.a.a.b.BrokerService [BrokerService.java:2128] Store limit is 102400 mb (current store usage is 0 mb). The data directory: /home/runner/work/codbex-rhea/codbex-rhea/application only has 17487 mb of usable space. - resetting to maximum available disk space: 17487 mb
2024-06-27 12:00:43,925 WARN [main] o.a.a.b.BrokerService [BrokerService.java:2128] Temporary Store limit is 51200 mb (current store usage is 0 mb). The data directory: /home/runner/work/codbex-rhea/codbex-rhea/application/./target/dirigible only has 17487 mb of usable space. - resetting to maximum available disk space: 17487 mb
2024-06-27 12:00:45,013 INFO [main] o.s.b.a.w.s.WelcomePageHandlerMapping [WelcomePageHandlerMapping.java:59] Adding welcome page: class path resource [static/index.html]
2024-06-27 12:00:47,199 INFO [main] o.s.b.a.e.w.EndpointLinksResolver [EndpointLinksResolver.java:58] Exposing 14 endpoint(s) beneath base path '/actuator'
2024-06-27 12:00:47,299 INFO [main] o.s.s.w.DefaultSecurityFilterChain [DefaultSecurityFilterChain.java:54] Will secure any request with [org.springframework.security.web.session.DisableEncodeUrlFilter@2ea4f90d, org.springframework.security.web.context.request.async.WebAsyncManagerIntegrationFilter@34123f0e, org.springframework.security.web.context.SecurityContextHolderFilter@13004d70, org.springframework.security.web.header.HeaderWriterFilter@50b68f14, org.springframework.web.filter.CorsFilter@543f62df, org.springframework.security.web.authentication.logout.LogoutFilter@5b35a3e9, org.eclipse.dirigible.components.tenants.tenant.TenantContextInitFilter@90cefa1, org.springframework.security.web.authentication.UsernamePasswordAuthenticationFilter@6a32baa9, org.springframework.security.web.authentication.ui.DefaultLoginPageGeneratingFilter@5ff316e9, org.springframework.security.web.authentication.ui.DefaultLogoutPageGeneratingFilter@41cf35f6, org.springframework.security.web.authentication.www.BasicAuthenticationFilter@377230b3, org.springframework.security.web.savedrequest.RequestCacheAwareFilter@2d482abe, org.springframework.security.web.servletapi.SecurityContextHolderAwareRequestFilter@a8ec5a7, org.springframework.security.web.authentication.AnonymousAuthenticationFilter@482ac053, org.springframework.security.web.access.ExceptionTranslationFilter@697be13b, org.springframework.security.web.access.intercept.AuthorizationFilter@32743ccb]
2024-06-27 12:00:47,979 INFO [main] o.m.d.cluster [SLF4JLogger.java:71] Cluster created with settings {hosts=[localhost:27017], mode=SINGLE, requiredClusterType=UNKNOWN, serverSelectionTimeout='30000 ms', maxWaitQueueSize=500}
2024-06-27 12:00:48,026 INFO [cluster-ClusterId{value='667d546f2879ca1c9e9d2fe8', description='null'}-localhost:27017] o.m.d.cluster [SLF4JLogger.java:76] Exception in monitor thread while connecting to server localhost:27017
com.mongodb.MongoSocketOpenException: Exception opening socket
	at com.mongodb.internal.connection.SocketStream.open(SocketStream.java:70) ~[mongo-java-driver-3.12.14.jar:na]
	at com.mongodb.internal.connection.InternalStreamConnection.open(InternalStreamConnection.java:128) ~[mongo-java-driver-3.12.14.jar:na]
	at com.mongodb.internal.connection.DefaultServerMonitor$ServerMonitorRunnable.run(DefaultServerMonitor.java:117) ~[mongo-java-driver-3.12.14.jar:na]
	at java.base/java.lang.Thread.run(Thread.java:1623) ~[na:na]
Caused by: java.net.ConnectException: Connection refused
	at java.base/sun.nio.ch.Net.pollConnect(Native Method) ~[na:na]
	at java.base/sun.nio.ch.Net.pollConnectNow(Net.java:673) ~[na:na]
	at java.base/sun.nio.ch.NioSocketImpl.timedFinishConnect(NioSocketImpl.java:540) ~[na:na]
	at java.base/sun.nio.ch.NioSocketImpl.connect(NioSocketImpl.java:590) ~[na:na]
	at java.base/java.net.SocksSocketImpl.connect(SocksSocketImpl.java:327) ~[na:na]
	at java.base/java.net.Socket.connect(Socket.java:666) ~[na:na]
	at com.mongodb.internal.connection.SocketStreamHelper.initialize(SocketStreamHelper.java:64) ~[mongo-java-driver-3.12.14.jar:na]
	at com.mongodb.internal.connection.SocketStream.initializeSocket(SocketStream.java:79) ~[mongo-java-driver-3.12.14.jar:na]
	at com.mongodb.internal.connection.SocketStream.open(SocketStream.java:65) ~[mongo-java-driver-3.12.14.jar:na]
	... 3 common frames omitted
2024-06-27 12:00:48,293 INFO [main] o.a.c.h.Http11NioProtocol [DirectJDKLog.java:173] Starting ProtocolHandler ["http-nio-auto-1"]
2024-06-27 12:00:48,315 INFO [main] o.s.b.w.e.t.TomcatWebServer [TomcatWebServer.java:241] Tomcat started on port 34887 (http) with context path ''
2024-06-27 12:00:48,317 INFO [main] o.s.s.q.SchedulerFactoryBean [SchedulerFactoryBean.java:734] Will start Quartz Scheduler [schedulerFactoryBean] in 10 seconds
2024-06-27 12:00:48,318 INFO [main] o.s.m.s.b.SimpleBrokerMessageHandler [CompositeLog.java:117] Starting...
2024-06-27 12:00:48,318 INFO [main] o.s.m.s.b.SimpleBrokerMessageHandler [CompositeLog.java:117] BrokerAvailabilityEvent[available=true, SimpleBrokerMessageHandler [org.springframework.messaging.simp.broker.DefaultSubscriptionRegistry@429772d3]]
2024-06-27 12:00:48,319 INFO [main] o.s.m.s.b.SimpleBrokerMessageHandler [CompositeLog.java:117] Started.
2024-06-27 12:00:48,341 INFO [main] c.c.r.RheaApplicationTest [StartupInfoLogger.java:56] Started RheaApplicationTest in 16.726 seconds (process running for 18.572)
2024-06-27 12:00:53,198 INFO [Thread-5] o.q.c.QuartzScheduler [QuartzScheduler.java:547] Scheduler schedulerFactoryBean_$_NON_CLUSTERED started.
2024-06-27 12:00:55,831 INFO [ActiveMQ ShutdownHook] o.a.a.b.BrokerService [BrokerService.java:827] Apache ActiveMQ 6.1.0 (localhost, ID:fv-az1020-770-42329-1719489643780-0:1) is shutting down
2024-06-27 12:00:55,846 INFO [ActiveMQ ShutdownHook] o.a.a.b.TransportConnector [TransportConnector.java:325] Connector vm://localhost stopped
2024-06-27 12:00:55,848 INFO [ActiveMQ ShutdownHook] o.a.a.s.k.p.PListStoreImpl [PListStoreImpl.java:396] PListStore:[/home/runner/work/codbex-rhea/codbex-rhea/application/./target/dirigible/kahadb] stopped
2024-06-27 12:00:55,853 INFO [SpringApplicationShutdownHook] o.q.c.QuartzScheduler [QuartzScheduler.java:585] Scheduler schedulerFactoryBean_$_NON_CLUSTERED paused.
2024-06-27 12:00:55,853 INFO [SpringApplicationShutdownHook] o.s.m.s.b.SimpleBrokerMessageHandler [CompositeLog.java:117] Stopping...
2024-06-27 12:00:55,853 INFO [SpringApplicationShutdownHook] o.s.m.s.b.SimpleBrokerMessageHandler [CompositeLog.java:117] BrokerAvailabilityEvent[available=false, SimpleBrokerMessageHandler [org.springframework.messaging.simp.broker.DefaultSubscriptionRegistry@429772d3]]
2024-06-27 12:00:55,854 INFO [SpringApplicationShutdownHook] o.s.m.s.b.SimpleBrokerMessageHandler [CompositeLog.java:117] Stopped.
2024-06-27 12:00:55,866 INFO [ActiveMQ ShutdownHook] o.a.a.b.BrokerService [BrokerService.java:887] Apache ActiveMQ 6.1.0 (localhost, ID:fv-az1020-770-42329-1719489643780-0:1) uptime 12.157 seconds
2024-06-27 12:00:55,867 INFO [ActiveMQ ShutdownHook] o.a.a.b.BrokerService [BrokerService.java:889] Apache ActiveMQ 6.1.0 (localhost, ID:fv-az1020-770-42329-1719489643780-0:1) is shutdown
2024-06-27 12:00:55,880 INFO [SpringApplicationShutdownHook] o.q.c.QuartzScheduler [QuartzScheduler.java:666] Scheduler schedulerFactoryBean_$_NON_CLUSTERED shutting down.
2024-06-27 12:00:55,880 INFO [SpringApplicationShutdownHook] o.q.c.QuartzScheduler [QuartzScheduler.java:585] Scheduler schedulerFactoryBean_$_NON_CLUSTERED paused.
2024-06-27 12:00:55,880 INFO [SpringApplicationShutdownHook] o.q.c.QuartzScheduler [QuartzScheduler.java:740] Scheduler schedulerFactoryBean_$_NON_CLUSTERED shutdown complete.
2024-06-27 12:00:55,880 INFO [SpringApplicationShutdownHook] o.s.s.q.SchedulerFactoryBean [SchedulerFactoryBean.java:844] Shutting down Quartz Scheduler
2024-06-27 12:00:55,886 INFO [SpringApplicationShutdownHook] o.s.o.j.LocalContainerEntityManagerFactoryBean [AbstractEntityManagerFactoryBean.java:650] Closing JPA EntityManagerFactory for persistence unit 'default'
2024-06-27 12:00:55,888 INFO [SpringApplicationShutdownHook] c.z.h.HikariDataSource [HikariDataSource.java:350] HikariPool-1 - Shutdown initiated...
2024-06-27 12:00:55,891 INFO [SpringApplicationShutdownHook] c.z.h.HikariDataSource [HikariDataSource.java:352] HikariPool-1 - Shutdown completed.
